<?xml version="1.0" encoding="utf-8"?><testsuites><testsuite errors="0" failures="2" hostname="aiclub-desktop" name="pytest" skipped="0" tests="3" time="3.632" timestamp="2023-10-05T17:50:02.975401"><testcase classname="joystick_sub.test.test_copyright" file="test/test_copyright.py" line="18" name="test_copyright" time="0.494"><failure message="AssertionError: Found errors
assert 1 == 0">test/test_copyright.py:23: in test_copyright
    assert rc == 0, &apos;Found errors&apos;
E   AssertionError: Found errors
E   assert 1 == 0</failure><system-err>joystick_sub.py: could not find copyright notice
1 errors, checked 5 files
</system-err></testcase><testcase classname="joystick_sub.test.test_flake8" file="test/test_flake8.py" line="18" name="test_flake8" time="1.231"><failure message="AssertionError: Found 2 code style errors / warnings:
  ./joystick_sub.py:26:1: E302 expected 2 blank lines, found 1
  ./joystick_sub.py:41:11: W292 no newline at end of file
assert 1 == 0">test/test_flake8.py:23: in test_flake8
    assert rc == 0, \
E   AssertionError: Found 2 code style errors / warnings:
E     ./joystick_sub.py:26:1: E302 expected 2 blank lines, found 1
E     ./joystick_sub.py:41:11: W292 no newline at end of file
E   assert 1 == 0</failure><system-out>
./joystick_sub.py:26:1: E302 expected 2 blank lines, found 1
def main(args=None):
^

./joystick_sub.py:41:11: W292 no newline at end of file
    main()          ^

1     E302 expected 2 blank lines, found 1
1     W292 no newline at end of file

6 files checked
2 errors

&apos;E&apos;-type errors: 1
&apos;W&apos;-type errors: 1

Checked files:

* ./joystick_sub.py
* ./setup.py
* ./test/test_copyright.py
* ./test/test_flake8.py
* ./test/test_pep257.py
* ./joystick_sub/__init__.py
</system-out></testcase><testcase classname="joystick_sub.test.test_pep257" file="test/test_pep257.py" line="18" name="test_pep257" time="0.228"><system-out>checking ./joystick_sub.py
checking ./joystick_sub/__init__.py
checking ./setup.py
checking ./test/test_copyright.py
checking ./test/test_flake8.py
checking ./test/test_pep257.py
checking test/test_copyright.py
checking test/test_flake8.py
checking test/test_pep257.py
No problems found
</system-out></testcase></testsuite></testsuites>