<?xml version="1.0" encoding="utf-8"?><testsuites><testsuite errors="0" failures="3" hostname="aiclub-desktop" name="pytest" skipped="0" tests="3" time="6.945" timestamp="2023-10-05T17:50:02.976763"><testcase classname="joystick_pub.test.test_copyright" file="test/test_copyright.py" line="18" name="test_copyright" time="0.510"><failure message="AssertionError: Found errors
assert 1 == 0">test/test_copyright.py:23: in test_copyright
    assert rc == 0, &apos;Found errors&apos;
E   AssertionError: Found errors
E   assert 1 == 0</failure><system-err>inputs.py: copyright=Zeth (2016), license=&lt;unknown&gt;
1 errors, checked 6 files
</system-err></testcase><testcase classname="joystick_pub.test.test_flake8" file="test/test_flake8.py" line="18" name="test_flake8" time="3.621"><failure message="AssertionError: Found 20 code style errors / warnings:
  ./inputs.py:99:1: E305 expected 2 blank lines after class or function definition, found 1
  ./inputs.py:1768:5: F401 &apos;Foundation.NSLog&apos; imported but unused
  ./inputs.py:1770:5: F401 &apos;Cocoa.NSMouseEnteredMask&apos; imported but unused
  ./inputs.py:1770:5: F401 &apos;Cocoa.NSMouseExitedMask&apos; imported but unused
  ./inputs.py:1899:5: F841 local variable &apos;mouse&apos; is assigned to but never used
  ./inputs.py:1910:5: F401 &apos;Foundation.NSLog&apos; imported but unused
  ./inputs.py:1994:5: F841 local variable &apos;keyboard&apos; is assigned to but never used
  ./joystick_pub.py:46:17: E231 missing whitespace after &apos;:&apos;
  ./joystick_pub.py:80:16: E231 missing whitespace after &apos;:&apos;
  ./joystick_pub.py:114:17: E231 missing whitespace after &apos;:&apos;
  ./joystick_pub.py:148:17: E231 missing whitespace after &apos;:&apos;
  ./joystick_pub.py:193:17: E231 missing whitespace after &apos;:&apos;
  ./joystick_pub.py:204:1: E302 expected 2 blank lines, found 1
  ./joystick_pub.py:236:9: E265 block comment should start with &apos;# &apos;
  ./joystick_pub.py:294:100: E501 line too long (101 &gt; 99 characters)
  ./joystick_pub.py:295:100: E501 line too long (127 &gt; 99 characters)
  ./joystick_pub.py:296:100: E501 line too long (168 &gt; 99 characters)
  ./joystick_pub.py:301:13: E266 too many leading &apos;#&apos; for block comment
  ./joystick_pub.py:302:100: E501 line too long (114 &gt; 99 characters)
  ./joystick_pub.py:308:1: E302 expected 2 blank lines, found 1
assert 1 == 0">test/test_flake8.py:23: in test_flake8
    assert rc == 0, \
E   AssertionError: Found 20 code style errors / warnings:
E     ./inputs.py:99:1: E305 expected 2 blank lines after class or function definition, found 1
E     ./inputs.py:1768:5: F401 &apos;Foundation.NSLog&apos; imported but unused
E     ./inputs.py:1770:5: F401 &apos;Cocoa.NSMouseEnteredMask&apos; imported but unused
E     ./inputs.py:1770:5: F401 &apos;Cocoa.NSMouseExitedMask&apos; imported but unused
E     ./inputs.py:1899:5: F841 local variable &apos;mouse&apos; is assigned to but never used
E     ./inputs.py:1910:5: F401 &apos;Foundation.NSLog&apos; imported but unused
E     ./inputs.py:1994:5: F841 local variable &apos;keyboard&apos; is assigned to but never used
E     ./joystick_pub.py:46:17: E231 missing whitespace after &apos;:&apos;
E     ./joystick_pub.py:80:16: E231 missing whitespace after &apos;:&apos;
E     ./joystick_pub.py:114:17: E231 missing whitespace after &apos;:&apos;
E     ./joystick_pub.py:148:17: E231 missing whitespace after &apos;:&apos;
E     ./joystick_pub.py:193:17: E231 missing whitespace after &apos;:&apos;
E     ./joystick_pub.py:204:1: E302 expected 2 blank lines, found 1
E     ./joystick_pub.py:236:9: E265 block comment should start with &apos;# &apos;
E     ./joystick_pub.py:294:100: E501 line too long (101 &gt; 99 characters)
E     ./joystick_pub.py:295:100: E501 line too long (127 &gt; 99 characters)
E     ./joystick_pub.py:296:100: E501 line too long (168 &gt; 99 characters)
E     ./joystick_pub.py:301:13: E266 too many leading &apos;#&apos; for block comment
E     ./joystick_pub.py:302:100: E501 line too long (114 &gt; 99 characters)
E     ./joystick_pub.py:308:1: E302 expected 2 blank lines, found 1
E   assert 1 == 0</failure><system-out>
./inputs.py:99:1: E305 expected 2 blank lines after class or function definition, found 1
EVENT_FORMAT = str(&apos;llHHi&apos;)
^

./inputs.py:1768:5: F401 &apos;Foundation.NSLog&apos; imported but unused
    from Foundation import NSObject, NSLog
    ^

./inputs.py:1770:5: F401 &apos;Cocoa.NSMouseEnteredMask&apos; imported but unused
    from Cocoa import (NSEvent, NSLeftMouseDownMask,
    ^

./inputs.py:1770:5: F401 &apos;Cocoa.NSMouseExitedMask&apos; imported but unused
    from Cocoa import (NSEvent, NSLeftMouseDownMask,
    ^

./inputs.py:1899:5: F841 local variable &apos;mouse&apos; is assigned to but never used
    mouse = MacMouseListener(pipe)
    ^

./inputs.py:1910:5: F401 &apos;Foundation.NSLog&apos; imported but unused
    from Foundation import NSObject, NSLog
    ^

./inputs.py:1994:5: F841 local variable &apos;keyboard&apos; is assigned to but never used
    keyboard = MacKeyboardListener(pipe)
    ^

./joystick_pub.py:46:17: E231 missing whitespace after &apos;:&apos;
    &apos;BTN_THUMBR&apos;:10
                ^

./joystick_pub.py:80:16: E231 missing whitespace after &apos;:&apos;
    &apos;BTN_START&apos;:10
               ^

./joystick_pub.py:114:17: E231 missing whitespace after &apos;:&apos;
    &apos;BTN_THUMBR&apos;:10
                ^

./joystick_pub.py:148:17: E231 missing whitespace after &apos;:&apos;
    &apos;BTN_THUMBR&apos;:10
                ^

./joystick_pub.py:193:17: E231 missing whitespace after &apos;:&apos;
    &apos;BTN_THUMBR&apos;:10
                ^

./joystick_pub.py:204:1: E302 expected 2 blank lines, found 1
class Joystick_pub(Node):
^

./joystick_pub.py:236:9: E265 block comment should start with &apos;# &apos;
        #print(self.joy)
        ^

./joystick_pub.py:294:100: E501 line too long (101 &gt; 99 characters)
                                value_range = JOYSTICK_CODE_VALUE_MAP[event.device.name][1][key_code]
                                                                                                   ^

./joystick_pub.py:295:100: E501 line too long (127 &gt; 99 characters)
                                self.joy.axes[key_code] = self.normalize_key_value(value_range[0], value_range[1], event.state)
                                                                                                   ^

./joystick_pub.py:296:100: E501 line too long (168 &gt; 99 characters)
                                if (self.last_event is None) or (self.last_event.code != event.code) or (time.time() - self.last_publish_time &gt; self.coalesce_interval):
                                                                                                   ^

./joystick_pub.py:301:13: E266 too many leading &apos;#&apos; for block comment
            ## autorepeat
            ^

./joystick_pub.py:302:100: E501 line too long (114 &gt; 99 characters)
            if ((self.autorepeat_rate &gt; 0.0) and (time.time() - self.last_publish_time &gt; 1/self.autorepeat_rate)):
                                                                                                   ^

./joystick_pub.py:308:1: E302 expected 2 blank lines, found 1
def main(args=None):
^

5     E231 missing whitespace after &apos;:&apos;
1     E265 block comment should start with &apos;# &apos;
1     E266 too many leading &apos;#&apos; for block comment
2     E302 expected 2 blank lines, found 1
1     E305 expected 2 blank lines after class or function definition, found 1
4     E501 line too long (101 &gt; 99 characters)
4     F401 &apos;Foundation.NSLog&apos; imported but unused
2     F841 local variable &apos;mouse&apos; is assigned to but never used

7 files checked
20 errors

&apos;E&apos;-type errors: 14
&apos;F&apos;-type errors: 6

Checked files:

* ./inputs.py
* ./setup.py
* ./joystick_pub.py
* ./test/test_copyright.py
* ./test/test_flake8.py
* ./test/test_pep257.py
* ./joystick_pub/__init__.py
</system-out></testcase><testcase classname="joystick_pub.test.test_pep257" file="test/test_pep257.py" line="18" name="test_pep257" time="1.144"><failure message="AssertionError: Found code style errors / warnings
assert 1 == 0">test/test_pep257.py:23: in test_pep257
    assert rc == 0, &apos;Found code style errors / warnings&apos;
E   AssertionError: Found code style errors / warnings
E   assert 1 == 0</failure><system-out>checking ./inputs.py
checking ./joystick_pub.py
checking ./joystick_pub/__init__.py
checking ./setup.py
checking ./test/test_copyright.py
checking ./test/test_flake8.py
checking ./test/test_pep257.py
checking test/test_copyright.py
checking test/test_flake8.py
checking test/test_pep257.py
</system-out><system-err>./inputs.py:1 at module level: D213: Multi-line docstring summary should start at the second line
./inputs.py:1260 in public class `KBDLLHookStruct`: D204: 1 blank line required after class docstring (found 0)
./inputs.py:1260 in public class `KBDLLHookStruct`: D213: Multi-line docstring summary should start at the second line
./inputs.py:1275 in public class `MSLLHookStruct`: D204: 1 blank line required after class docstring (found 0)
./inputs.py:1275 in public class `MSLLHookStruct`: D213: Multi-line docstring summary should start at the second line
./inputs.py:1293 in public class `XinputGamepad`: D204: 1 blank line required after class docstring (found 0)
./inputs.py:1293 in public class `XinputGamepad`: D213: Multi-line docstring summary should start at the second line
./inputs.py:1314 in public class `XinputState`: D204: 1 blank line required after class docstring (found 0)
./inputs.py:1314 in public class `XinputState`: D213: Multi-line docstring summary should start at the second line
./inputs.py:1330 in public class `XinputVibration`: D204: 1 blank line required after class docstring (found 0)
./inputs.py:1330 in public class `XinputVibration`: D205: 1 blank line required between summary line and description (found 0)
./inputs.py:1330 in public class `XinputVibration`: D213: Multi-line docstring summary should start at the second line
./inputs.py:1330 in public class `XinputVibration`: D400: First line should end with a period (not &apos;a&apos;)
./inputs.py:1345 in public class `PermissionDenied`: D204: 1 blank line required after class docstring (found 0)
./inputs.py:1345 in public class `PermissionDenied`: D205: 1 blank line required between summary line and description (found 0)
./inputs.py:1345 in public class `PermissionDenied`: D209: Multi-line docstring closing quotes should be on a separate line
./inputs.py:1345 in public class `PermissionDenied`: D213: Multi-line docstring summary should start at the second line
./inputs.py:1351 in public class `UnpluggedError`: D204: 1 blank line required after class docstring (found 0)
./inputs.py:1356 in public class `UnknownEventType`: D204: 1 blank line required after class docstring (found 0)
./inputs.py:1361 in public class `UnknownEventCode`: D204: 1 blank line required after class docstring (found 0)
./inputs.py:1366 in public class `InputEvent`: D204: 1 blank line required after class docstring (found 0)
./inputs.py:1379 in public class `BaseListener`: D205: 1 blank line required between summary line and description (found 0)
./inputs.py:1379 in public class `BaseListener`: D213: Multi-line docstring summary should start at the second line
./inputs.py:1447 in public method `emulate_wheel`: D213: Multi-line docstring summary should start at the second line
./inputs.py:1488 in public method `emulate_press`: D213: Multi-line docstring summary should start at the second line
./inputs.py:1538 in public class `WindowsKeyboardListener`: D204: 1 blank line required after class docstring (found 0)
./inputs.py:1538 in public class `WindowsKeyboardListener`: D205: 1 blank line required between summary line and description (found 0)
./inputs.py:1538 in public class `WindowsKeyboardListener`: D213: Multi-line docstring summary should start at the second line
./inputs.py:1538 in public class `WindowsKeyboardListener`: D400: First line should end with a period (not &apos;k&apos;)
./inputs.py:1613 in public class `WindowsMouseListener`: D204: 1 blank line required after class docstring (found 0)
./inputs.py:1613 in public class `WindowsMouseListener`: D205: 1 blank line required between summary line and description (found 0)
./inputs.py:1613 in public class `WindowsMouseListener`: D213: Multi-line docstring summary should start at the second line
./inputs.py:1613 in public class `WindowsMouseListener`: D400: First line should end with a period (not &apos;k&apos;)
./inputs.py:1682 in public method `emulate_mouse`: D213: Multi-line docstring summary should start at the second line
./inputs.py:1779 in private nested class `MacMouseSetup`: D204: 1 blank line required after class docstring (found 0)
./inputs.py:1781 in private method `init_with_handler`: D200: One-line docstring should fit on one line with quotes (found 3)
./inputs.py:1797 in private method `applicationDidFinishLaunching_`: D202: No blank lines allowed after function docstring (found 1)
./inputs.py:1808 in private nested class `MacMouseListener`: D204: 1 blank line required after class docstring (found 0)
./inputs.py:1808 in private nested class `MacMouseListener`: D205: 1 blank line required between summary line and description (found 0)
./inputs.py:1808 in private nested class `MacMouseListener`: D213: Multi-line docstring summary should start at the second line
./inputs.py:1829 in private method `handle_input`: D202: No blank lines allowed after function docstring (found 1)
./inputs.py:1915 in private nested class `MacKeyboardSetup`: D204: 1 blank line required after class docstring (found 0)
./inputs.py:1917 in private method `init_with_handler`: D200: One-line docstring should fit on one line with quotes (found 3)
./inputs.py:1939 in private nested class `MacKeyboardListener`: D204: 1 blank line required after class docstring (found 0)
./inputs.py:1939 in private nested class `MacKeyboardListener`: D205: 1 blank line required between summary line and description (found 0)
./inputs.py:1939 in private nested class `MacKeyboardListener`: D213: Multi-line docstring summary should start at the second line
./inputs.py:1997 in public class `InputDevice`: D204: 1 blank line required after class docstring (found 0)
./inputs.py:2072 in private method `_get_target_function`: D205: 1 blank line required between summary line and description (found 0)
./inputs.py:2072 in private method `_get_target_function`: D209: Multi-line docstring closing quotes should be on a separate line
./inputs.py:2072 in private method `_get_target_function`: D213: Multi-line docstring summary should start at the second line
./inputs.py:2072 in private method `_get_target_function`: D400: First line should end with a period (not &apos;s&apos;)
./inputs.py:2106 in private method `_pipe`: D205: 1 blank line required between summary line and description (found 0)
./inputs.py:2106 in private method `_pipe`: D209: Multi-line docstring closing quotes should be on a separate line
./inputs.py:2106 in private method `_pipe`: D213: Multi-line docstring summary should start at the second line
./inputs.py:2106 in private method `_pipe`: D400: First line should end with a period (not &apos;r&apos;)
./inputs.py:2130 in public class `Keyboard`: D204: 1 blank line required after class docstring (found 0)
./inputs.py:2130 in public class `Keyboard`: D213: Multi-line docstring summary should start at the second line
./inputs.py:2151 in public class `Mouse`: D200: One-line docstring should fit on one line with quotes (found 2)
./inputs.py:2151 in public class `Mouse`: D213: Multi-line docstring summary should start at the second line
./inputs.py:2175 in public class `GamePad`: D204: 1 blank line required after class docstring (found 0)
./inputs.py:2240 in private method `__write_to_character_device`: D205: 1 blank line required between summary line and description (found 0)
./inputs.py:2240 in private method `__write_to_character_device`: D209: Multi-line docstring closing quotes should be on a separate line
./inputs.py:2240 in private method `__write_to_character_device`: D213: Multi-line docstring summary should start at the second line
./inputs.py:2240 in private method `__write_to_character_device`: D400: First line should end with a period (not &apos;s&apos;)
./inputs.py:2256 in private method `__handle_changed_state`: D205: 1 blank line required between summary line and description (found 0)
./inputs.py:2256 in private method `__handle_changed_state`: D400: First line should end with a period (not &apos;:&apos;)
./inputs.py:2256 in private method `__handle_changed_state`: D403: First word of the first line should be properly capitalized (&apos;We&apos;, not &apos;we&apos;)
./inputs.py:2336 in private method `__gen_bit_values`: D205: 1 blank line required between summary line and description (found 0)
./inputs.py:2336 in private method `__gen_bit_values`: D400: First line should end with a period (not &apos;t&apos;)
./inputs.py:2346 in private method `__get_bit_values`: D213: Multi-line docstring summary should start at the second line
./inputs.py:2346 in private method `__get_bit_values`: D400: First line should end with a period (not &apos;r&apos;)
./inputs.py:2416 in public method `set_vibration`: D300: Use &quot;&quot;&quot;triple double quotes&quot;&quot;&quot; (found &quot;-quotes)
./inputs.py:2416 in public method `set_vibration`: D400: First line should end with a period (not &apos;y&apos;)
./inputs.py:2432 in public class `OtherDevice`: D204: 1 blank line required after class docstring (found 0)
./inputs.py:2432 in public class `OtherDevice`: D205: 1 blank line required between summary line and description (found 0)
./inputs.py:2432 in public class `OtherDevice`: D213: Multi-line docstring summary should start at the second line
./inputs.py:2432 in public class `OtherDevice`: D400: First line should end with a period (not &apos;t&apos;)
./inputs.py:2439 in public class `RawInputDeviceList`: D204: 1 blank line required after class docstring (found 0)
./inputs.py:2455 in public class `DeviceManager`: D204: 1 blank line required after class docstring (found 0)
./inputs.py:2455 in public class `DeviceManager`: D205: 1 blank line required between summary line and description (found 0)
./inputs.py:2455 in public class `DeviceManager`: D209: Multi-line docstring closing quotes should be on a separate line
./inputs.py:2455 in public class `DeviceManager`: D213: Multi-line docstring summary should start at the second line
./inputs.py:2455 in public class `DeviceManager`: D400: First line should end with a period (not &apos;t&apos;)
./inputs.py:2593 in private method `_count_devices`: D213: Multi-line docstring summary should start at the second line
84 errors
</system-err></testcase></testsuite></testsuites>